TN:
SF:src/modules/appointments/services/CreateAppointmentService.ts
FN:14,(anonymous_18)
FN:16,CreateAppointmentService
FN:26,(anonymous_20)
FNF:3
FNH:3
FNDA:1,(anonymous_18)
FNDA:5,CreateAppointmentService
FNDA:7,(anonymous_20)
DA:1,1
DA:3,1
DA:5,1
DA:14,1
DA:18,5
DA:21,5
DA:26,7
DA:27,7
DA:29,7
DA:31,7
DA:32,3
DA:35,4
DA:36,0
DA:39,4
DA:40,2
DA:43,2
DA:47,2
DA:48,0
DA:51,2
DA:57,2
DA:59,4
DA:64,2
DA:66,1
DA:68,1
LF:24
LH:22
BRDA:31,0,0,3
BRDA:31,0,1,4
BRDA:35,1,0,0
BRDA:35,1,1,4
BRDA:39,2,0,2
BRDA:39,2,1,2
BRDA:39,3,0,4
BRDA:39,3,1,3
BRDA:47,4,0,0
BRDA:47,4,1,2
BRF:10
BRH:8
end_of_record
TN:
SF:src/modules/appointments/services/ListProviderDayAvailabilityService.ts
FN:18,(anonymous_17)
FN:19,ListProviderDayAvailability
FN:24,(anonymous_19)
FN:35,(anonymous_22)
FN:38,(anonymous_23)
FN:39,(anonymous_24)
FNF:6
FNH:6
FNDA:1,(anonymous_17)
FNDA:1,ListProviderDayAvailability
FNDA:1,(anonymous_19)
FNDA:10,(anonymous_22)
FNDA:10,(anonymous_23)
FNDA:19,(anonymous_24)
DA:1,1
DA:2,1
DA:18,1
DA:21,1
DA:24,1
DA:25,1
DA:32,1
DA:33,1
DA:35,10
DA:38,1
DA:39,19
DA:41,10
DA:43,10
DA:45,10
DA:52,1
DA:55,1
DA:57,1
LF:17
LH:17
BRDA:25,0,0,1
BRDA:47,1,0,10
BRDA:47,1,1,8
BRF:3
BRH:3
end_of_record
TN:
SF:src/modules/appointments/services/ListProviderMonthAvailabilityService.ts
FN:17,(anonymous_17)
FN:18,ListProviderMonthAvailability
FN:23,(anonymous_19)
FN:34,(anonymous_22)
FN:37,(anonymous_23)
FN:38,(anonymous_24)
FNF:6
FNH:6
FNDA:1,(anonymous_17)
FNDA:1,ListProviderMonthAvailability
FNDA:1,(anonymous_19)
FNDA:31,(anonymous_22)
FNDA:31,(anonymous_23)
FNDA:341,(anonymous_24)
DA:1,1
DA:2,1
DA:17,1
DA:20,1
DA:23,1
DA:24,1
DA:30,1
DA:32,1
DA:34,31
DA:37,1
DA:38,31
DA:39,341
DA:42,31
DA:45,1
DA:48,1
DA:50,1
LF:16
LH:16
BRDA:24,0,0,1
BRF:1
BRH:1
end_of_record
TN:
SF:src/modules/appointments/services/ListProvidersService.ts
FN:10,(anonymous_17)
FN:11,ListProvidersService
FN:16,(anonymous_19)
FNF:3
FNH:3
FNDA:1,(anonymous_17)
FNDA:1,ListProvidersService
FNDA:1,(anonymous_19)
DA:2,1
DA:10,1
DA:13,1
DA:16,1
DA:17,1
DA:21,1
DA:23,1
DA:25,1
LF:8
LH:8
BRDA:17,0,0,1
BRF:1
BRH:1
end_of_record
TN:
SF:src/modules/users/services/CreateUserService.ts
FN:16,(anonymous_18)
FN:17,CreateUserService
FN:25,(anonymous_20)
FNF:3
FNH:3
FNDA:1,(anonymous_18)
FNDA:2,CreateUserService
FNDA:3,(anonymous_20)
DA:3,1
DA:6,1
DA:16,1
DA:19,2
DA:22,2
DA:25,3
DA:26,3
DA:28,3
DA:29,1
DA:32,2
DA:34,2
DA:40,2
DA:42,1
DA:44,1
LF:14
LH:14
BRDA:26,0,0,3
BRDA:28,1,0,1
BRDA:28,1,1,2
BRF:3
BRH:3
end_of_record
TN:
SF:src/modules/users/services/ResetPasswordService.ts
FN:15,(anonymous_18)
FN:16,ResetPasswordService
FN:27,(anonymous_20)
FNF:3
FNH:3
FNDA:1,(anonymous_18)
FNDA:4,ResetPasswordService
FNDA:4,(anonymous_20)
DA:1,1
DA:4,1
DA:7,1
DA:15,1
DA:18,4
DA:21,4
DA:24,4
DA:27,4
DA:28,4
DA:30,4
DA:31,1
DA:34,3
DA:36,3
DA:37,1
DA:40,2
DA:41,2
DA:43,2
DA:44,1
DA:47,1
DA:49,2
DA:51,1
DA:53,1
LF:22
LH:22
BRDA:28,0,0,4
BRDA:30,1,0,1
BRDA:30,1,1,3
BRDA:36,2,0,1
BRDA:36,2,1,2
BRDA:43,3,0,1
BRDA:43,3,1,1
BRF:7
BRH:7
end_of_record
TN:
SF:src/modules/users/services/SendForgotPasswordEmailService.ts
FN:14,(anonymous_18)
FN:15,SendForgotPasswordEmailService
FN:26,(anonymous_20)
FNF:3
FNH:3
FNDA:1,(anonymous_18)
FNDA:3,SendForgotPasswordEmailService
FNDA:3,(anonymous_20)
DA:1,1
DA:3,1
DA:6,1
DA:14,1
DA:17,3
DA:20,3
DA:23,3
DA:26,3
DA:27,3
DA:29,3
DA:30,1
DA:33,2
DA:35,2
DA:37,4
DA:52,1
DA:54,1
LF:16
LH:16
BRDA:27,0,0,3
BRDA:29,1,0,1
BRDA:29,1,1,2
BRF:3
BRH:3
end_of_record
TN:
SF:src/modules/users/services/ShowProfileService.ts
FN:12,(anonymous_18)
FN:13,ShowProfileService
FN:18,(anonymous_20)
FNF:3
FNH:3
FNDA:1,(anonymous_18)
FNDA:2,ShowProfileService
FNDA:2,(anonymous_20)
DA:2,1
DA:4,1
DA:12,1
DA:15,2
DA:18,2
DA:19,2
DA:21,2
DA:22,1
DA:25,1
DA:27,1
DA:29,1
LF:11
LH:11
BRDA:19,0,0,2
BRDA:21,1,0,1
BRDA:21,1,1,1
BRF:3
BRH:3
end_of_record
TN:
SF:src/modules/users/services/UpdateProfileService.ts
FN:16,(anonymous_18)
FN:17,UpdateProfileService
FN:25,(anonymous_20)
FNF:3
FNH:3
FNDA:1,(anonymous_18)
FNDA:6,UpdateProfileService
FNDA:6,(anonymous_20)
DA:2,1
DA:4,1
DA:16,1
DA:19,6
DA:22,6
DA:25,6
DA:26,6
DA:27,6
DA:28,1
DA:31,5
DA:33,5
DA:34,1
DA:37,4
DA:38,4
DA:40,4
DA:41,1
DA:45,4
DA:47,2
DA:49,2
DA:50,1
DA:53,1
DA:56,2
DA:58,1
DA:60,1
LF:24
LH:24
BRDA:26,0,0,6
BRDA:26,0,1,2
BRDA:27,1,0,1
BRDA:27,1,1,5
BRDA:33,2,0,1
BRDA:33,2,1,4
BRDA:33,3,0,5
BRDA:33,3,1,1
BRDA:40,4,0,1
BRDA:40,4,1,3
BRDA:40,5,0,4
BRDA:40,5,1,3
BRDA:45,6,0,1
BRDA:45,6,1,2
BRDA:45,7,0,3
BRDA:45,7,1,2
BRDA:49,8,0,1
BRDA:49,8,1,1
BRF:18
BRH:18
end_of_record
TN:
SF:src/modules/users/services/UpdateUserAvatarService.ts
FN:15,(anonymous_18)
FN:16,UpdateUserAvatarService
FN:24,(anonymous_20)
FNF:3
FNH:3
FNDA:1,(anonymous_18)
FNDA:3,UpdateUserAvatarService
FNDA:4,(anonymous_20)
DA:4,1
DA:7,1
DA:15,1
DA:18,3
DA:21,3
DA:24,4
DA:26,4
DA:28,4
DA:29,1
DA:32,5
DA:33,2
DA:36,3
DA:38,3
DA:40,6
DA:42,3
DA:44,1
DA:46,1
LF:17
LH:17
BRDA:26,0,0,4
BRDA:26,0,1,3
BRDA:28,1,0,1
BRDA:28,1,1,3
BRDA:32,2,0,2
BRDA:32,2,1,1
BRF:6
BRH:6
end_of_record
